[08-Sep-2015 10:37:40 UTC] do_action('gallery_page_ngg_other_options'), call_user_func_array, C_NextGen_Admin_Page_Controller->index_action, ExtensibleObject->__call, ExtensibleObject->_exec_cached_method, ReflectionMethod->invokeArgs, Mixin_NextGen_Admin_Page_Instance_Methods->index_action, C_NextGen_Admin_Page_Controller->to_accordion_tab, ExtensibleObject->__call, ExtensibleObject->_exec_cached_method, ReflectionMethod->invokeArgs, Mixin_NextGen_Admin_Page_Instance_Methods->to_accordion_tab, C_Form->render, ExtensibleObject->__call, ExtensibleObject->_exec_cached_method, ReflectionMethod->invokeArgs, A_Watermarks_Form->render, C_Form->_get_preview_image, ExtensibleObject->__call, ExtensibleObject->_exec_cached_method, ReflectionMethod->invokeArgs, A_Watermarks_Form->_get_preview_image, C_Gallery_Storage::get_instance, ExtensibleObject->__construct, ReflectionMethod->invokeArgs, C_Gallery_Storage->define, ExtensibleObject->wrap, call_user_func, C_Gallery_Storage->_get_driver, C_Component_Factory->create, ExtensibleObject->call_method, ExtensibleObject->__call, ExtensibleObject->_exec_cached_method, ReflectionMethod->invokeArgs, A_NextGen_Data_Factory->ngglegacy_gallery_storage, ExtensibleObject->__construct, ReflectionMethod->invokeArgs, C_GalleryStorage_Driver_Base->initialize, C_Image_Mapper::get_instance, ExtensibleObject->__construct, ReflectionMethod->invokeArgs, C_Image_Mapper->initialize, C_CustomTable_DataMapper_Driver->initialize, C_Image_Mapper->migrate, ExtensibleObject->__call, ExtensibleObject->_exec_cached_method, ReflectionMethod->invokeArgs, C_CustomTable_DataMapper_Driver_Mixin->migrate, C_Image_Mapper->_add_column, ExtensibleObject->__call, ExtensibleObject->_exec_cached_method, ReflectionMethod->invokeArgs, Mixin_NextGen_Table_Extras->_add_column, Mixin->call_parent, ExtensibleObject->call_method, ExtensibleObject->__call, ExtensibleObject->_exec_cached_method, ReflectionMethod->invokeArgs, C_CustomTable_DataMapper_Driver_Mixin->_add_column이(가) 만든 워드프레스 데이터베이스 오류 Duplicate column name 'updated_at'(쿼리 ALTER TABLE `wp_ngg_pictures` ADD COLUMN `updated_at` BIGINT)
[16-Sep-2015 07:47:18 UTC] PHP Parse error:  syntax error, unexpected 'else' (T_ELSE) in /home/ubuntu/workspace/wp-content/plugins/theme-my-login/includes/class-theme-my-login-template.php on line 165
[16-Sep-2015 07:47:18 UTC] PHP Stack trace:
[16-Sep-2015 07:47:18 UTC] PHP   1. {main}() /home/ubuntu/workspace/wp-admin/admin-ajax.php:0
[16-Sep-2015 07:47:18 UTC] PHP   2. require_once() /home/ubuntu/workspace/wp-admin/admin-ajax.php:22
[16-Sep-2015 07:47:18 UTC] PHP   3. require_once() /home/ubuntu/workspace/wp-load.php:37
[16-Sep-2015 07:47:18 UTC] PHP   4. require_once() /home/ubuntu/workspace/wp-config.php:85
[16-Sep-2015 07:47:18 UTC] PHP   5. include_once() /home/ubuntu/workspace/wp-settings.php:215
[16-Sep-2015 07:48:18 UTC] PHP Parse error:  syntax error, unexpected 'else' (T_ELSE) in /home/ubuntu/workspace/wp-content/plugins/theme-my-login/includes/class-theme-my-login-template.php on line 166
[16-Sep-2015 07:48:18 UTC] PHP Stack trace:
[16-Sep-2015 07:48:18 UTC] PHP   1. {main}() /home/ubuntu/workspace/wp-admin/admin-ajax.php:0
[16-Sep-2015 07:48:18 UTC] PHP   2. require_once() /home/ubuntu/workspace/wp-admin/admin-ajax.php:22
[16-Sep-2015 07:48:18 UTC] PHP   3. require_once() /home/ubuntu/workspace/wp-load.php:37
[16-Sep-2015 07:48:18 UTC] PHP   4. require_once() /home/ubuntu/workspace/wp-config.php:85
[16-Sep-2015 07:48:18 UTC] PHP   5. include_once() /home/ubuntu/workspace/wp-settings.php:215
[16-Sep-2015 07:49:18 UTC] PHP Parse error:  syntax error, unexpected 'else' (T_ELSE) in /home/ubuntu/workspace/wp-content/plugins/theme-my-login/includes/class-theme-my-login-template.php on line 167
[16-Sep-2015 07:49:18 UTC] PHP Stack trace:
[16-Sep-2015 07:49:18 UTC] PHP   1. {main}() /home/ubuntu/workspace/wp-admin/admin-ajax.php:0
[16-Sep-2015 07:49:18 UTC] PHP   2. require_once() /home/ubuntu/workspace/wp-admin/admin-ajax.php:22
[16-Sep-2015 07:49:18 UTC] PHP   3. require_once() /home/ubuntu/workspace/wp-load.php:37
[16-Sep-2015 07:49:18 UTC] PHP   4. require_once() /home/ubuntu/workspace/wp-config.php:85
[16-Sep-2015 07:49:18 UTC] PHP   5. include_once() /home/ubuntu/workspace/wp-settings.php:215
[02-Oct-2015 11:47:19 UTC] PHP Warning:  fclose() expects parameter 1 to be resource, null given in /home/ubuntu/workspace/wp-content/plugins/ckeditor-for-wordpress/ckeditor_class.php on line 615
[02-Oct-2015 11:47:19 UTC] PHP Stack trace:
[02-Oct-2015 11:47:19 UTC] PHP   1. {main}() /home/ubuntu/workspace/wp-admin/admin.php:0
[02-Oct-2015 11:47:19 UTC] PHP   2. do_action() /home/ubuntu/workspace/wp-admin/admin.php:236
[02-Oct-2015 11:47:19 UTC] PHP   3. call_user_func_array:{/home/ubuntu/workspace/wp-includes/plugin.php:503}() /home/ubuntu/workspace/wp-includes/plugin.php:503
[02-Oct-2015 11:47:19 UTC] PHP   4. ckeditor_wordpress->file_editor() /home/ubuntu/workspace/wp-includes/plugin.php:503
[02-Oct-2015 11:47:19 UTC] PHP   5. fclose() /home/ubuntu/workspace/wp-content/plugins/ckeditor-for-wordpress/ckeditor_class.php:615
